<?xml version="1.0" encoding="UTF-8"?>
<testng-results ignored="0" total="1" passed="1" failed="0" skipped="0">
  <reporter-output>
  </reporter-output>
  <suite started-at="2023-05-23T20:51:15 IST" name="Default suite" finished-at="2023-05-23T20:51:55 IST" duration-ms="39934">
    <groups>
    </groups>
    <test started-at="2023-05-23T20:51:15 IST" name="Default test" finished-at="2023-05-23T20:51:55 IST" duration-ms="39934">
      <class name="test.Flightstest">
        <test-method is-config="true" signature="setup()[pri:0, instance:test.Flightstest@741a8937]" started-at="2023-05-23T20:51:15 IST" name="setup" finished-at="2023-05-23T20:51:45 IST" duration-ms="29669" status="PASS">
          <reporter-output>
          </reporter-output>
        </test-method> <!-- setup -->
        <test-method signature="roundtrip()[pri:0, instance:test.Flightstest@741a8937]" started-at="2023-05-23T20:51:45 IST" name="roundtrip" finished-at="2023-05-23T20:51:55 IST" duration-ms="10187" status="PASS">
          <reporter-output>
          </reporter-output>
        </test-method> <!-- roundtrip -->
      </class> <!-- test.Flightstest -->
    </test> <!-- Default test -->
  </suite> <!-- Default suite -->
</testng-results>
